VisState.ts:520 [CONTAINER_STATE] 🔄 Collapsing container: loc_0 (was: false, now: true)
ContainerOperations.ts:21 [DEBUG] Starting collapse for container loc_0
ContainerOperations.ts:44 [COLLAPSE] Found 2 crossing edges for container loc_0
ContainerOperations.ts:53 [COLLAPSE] Creating 2 hyperEdges for container loc_0
ContainerOperations.ts:53 [DEBUG] Creating hyperEdge: hyper_loc_0_to_2 (loc_0 -> 2)
ContainerOperations.ts:53 [DEBUG] Creating hyperEdge: hyper_6_to_loc_0 (6 -> loc_0)
ContainerOperations.ts:86 [DEBUG] About to hide 2 crossing edges
ContainerOperations.ts:86 [DEBUG] Hiding regular edge: e1
ContainerOperations.ts:86 [DEBUG] Hiding regular edge: e6
ContainerOperations.ts:99 [DEBUG] Updating existing hyperEdges with invalid endpoints due to collapse of loc_0
ContainerOperations.ts:696 [HYPEREDGE_LIFTING] Checking existing hyperEdges for invalidation due to collapse of loc_0
VisState.ts:520 [CONTAINER_STATE] 🔄 Collapsing container: loc_1 (was: false, now: true)
ContainerOperations.ts:21 [DEBUG] Starting collapse for container loc_1
ContainerOperations.ts:44 [COLLAPSE] Found 2 crossing edges for container loc_1
ContainerOperations.ts:53 [COLLAPSE] Creating 2 hyperEdges for container loc_1
ContainerOperations.ts:53 [DEBUG] Creating hyperEdge: hyper_loc_0_to_loc_1 (loc_0 -> loc_1)
ContainerOperations.ts:53 [DEBUG] Creating hyperEdge: hyper_loc_1_to_loc_0 (loc_1 -> loc_0)
ContainerOperations.ts:86 [DEBUG] About to hide 2 crossing edges
ContainerOperations.ts:86 [DEBUG] Hiding regular edge: e1
ContainerOperations.ts:86 [DEBUG] Hiding regular edge: e6
ContainerOperations.ts:99 [DEBUG] Updating existing hyperEdges with invalid endpoints due to collapse of loc_1
ContainerOperations.ts:696 [HYPEREDGE_LIFTING] Checking existing hyperEdges for invalidation due to collapse of loc_1
ContainerOperations.ts:742 [HYPEREDGE_LIFTING] Target 2 is hidden, lifting to ancestor loc_1
ContainerOperations.ts:763 [HYPEREDGE_LIFTING] HyperEdge hyper_loc_0_to_loc_1 already exists, removing duplicate hyper_loc_0_to_2
ContainerOperations.ts:775 [HYPEREDGE_LIFTING] Merged 1 aggregated edges from hyper_loc_0_to_2 into hyper_loc_0_to_loc_1
ContainerOperations.ts:732 [HYPEREDGE_LIFTING] Source 6 is hidden, lifting to ancestor loc_1
ContainerOperations.ts:763 [HYPEREDGE_LIFTING] HyperEdge hyper_loc_1_to_loc_0 already exists, removing duplicate hyper_6_to_loc_0
ContainerOperations.ts:775 [HYPEREDGE_LIFTING] Merged 1 aggregated edges from hyper_6_to_loc_0 into hyper_loc_1_to_loc_0
ContainerOperations.ts:487 [EXPANSION] Removed hyperEdge hyper_loc_0_to_2
ContainerOperations.ts:487 [EXPANSION] Removed hyperEdge hyper_6_to_loc_0
ContainerOperations.ts:110 [EXPANSION] ⭐ Starting expansion of loc_1
ContainerOperations.ts:143 [EXPANSION] ⭐ About to call cleanupHyperEdgesForExpansion for loc_1
ContainerOperations.ts:352 [EXPANSION] Restoring connections for expanded container loc_1
ContainerOperations.ts:406 [DEBUG] Finding corresponding hyperEdges for expanding container: loc_1
ContainerOperations.ts:406 [DEBUG] Checking hyperEdge: hyper_loc_0_to_loc_1 (loc_0 -> loc_1)
ContainerOperations.ts:419 [DEBUG] ✅ FOUND corresponding hyperEdge: hyper_loc_0_to_loc_1
ContainerOperations.ts:406 [DEBUG] Checking hyperEdge: hyper_loc_1_to_loc_0 (loc_1 -> loc_0)
ContainerOperations.ts:419 [DEBUG] ✅ FOUND corresponding hyperEdge: hyper_loc_1_to_loc_0
ContainerOperations.ts:419 [DEBUG] Total corresponding hyperEdges found: 2
ContainerOperations.ts:358 [EXPANSION] Found 2 corresponding hyperEdges to process
ContainerOperations.ts:362 [EXPANSION] Processing hyperEdge hyper_loc_0_to_loc_1: loc_0 -> loc_1
ContainerOperations.ts:366 [EXPANSION] Remote endpoint: loc_0, isOutgoing: false
ContainerOperations.ts:487 [EXPANSION] Removed hyperEdge hyper_loc_0_to_loc_1
ContainerOperations.ts:375 [EXPANSION] Restoring 1 original connections
ContainerOperations.ts:572 [DEBUG] createOrRestoreConnection attempting to create hyperEdge: hyper_loc_0_to_2
ContainerOperations.ts:572 [DEBUG] HyperEdge already exists: false
ContainerOperations.ts:596 [EXPANSION] Created hyperEdge hyper_loc_0_to_2 instead of restoring edge: loc_0 -> 2 (original: loc_0 -> 2)
ContainerOperations.ts:362 [EXPANSION] Processing hyperEdge hyper_loc_1_to_loc_0: loc_1 -> loc_0
ContainerOperations.ts:366 [EXPANSION] Remote endpoint: loc_0, isOutgoing: true
ContainerOperations.ts:487 [EXPANSION] Removed hyperEdge hyper_loc_1_to_loc_0
ContainerOperations.ts:375 [EXPANSION] Restoring 1 original connections
ContainerOperations.ts:572 [DEBUG] createOrRestoreConnection attempting to create hyperEdge: hyper_6_to_loc_0
ContainerOperations.ts:572 [DEBUG] HyperEdge already exists: false
ContainerOperations.ts:596 [EXPANSION] Created hyperEdge hyper_6_to_loc_0 instead of restoring edge: 6 -> loc_0 (original: 6 -> loc_0)
ContainerOperations.ts:148 [EXPANSION] Completed expansion of loc_1
VisState.ts:520 [CONTAINER_STATE] ℹ️  No collapse state change for container: loc_1 (was: false, now: false)
ContainerOperations.ts:110 [EXPANSION] ⭐ Starting expansion of loc_0
ContainerOperations.ts:143 [EXPANSION] ⭐ About to call cleanupHyperEdgesForExpansion for loc_0
ContainerOperations.ts:352 [EXPANSION] Restoring connections for expanded container loc_0
ContainerOperations.ts:406 [DEBUG] Finding corresponding hyperEdges for expanding container: loc_0
ContainerOperations.ts:406 [DEBUG] Checking hyperEdge: hyper_loc_0_to_2 (loc_0 -> 2)
ContainerOperations.ts:419 [DEBUG] ✅ FOUND corresponding hyperEdge: hyper_loc_0_to_2
ContainerOperations.ts:406 [DEBUG] Checking hyperEdge: hyper_6_to_loc_0 (6 -> loc_0)
ContainerOperations.ts:419 [DEBUG] ✅ FOUND corresponding hyperEdge: hyper_6_to_loc_0
ContainerOperations.ts:419 [DEBUG] Total corresponding hyperEdges found: 2
ContainerOperations.ts:358 [EXPANSION] Found 2 corresponding hyperEdges to process
ContainerOperations.ts:362 [EXPANSION] Processing hyperEdge hyper_loc_0_to_2: loc_0 -> 2
ContainerOperations.ts:366 [EXPANSION] Remote endpoint: 2, isOutgoing: true
ContainerOperations.ts:487 [EXPANSION] Removed hyperEdge hyper_loc_0_to_2
ContainerOperations.ts:375 [EXPANSION] Restoring 1 original connections
ContainerOperations.ts:663 [EXPANSION] Skipping direct edge creation for 1 -> 2 (should be restored from hidden edges)
ContainerOperations.ts:362 [EXPANSION] Processing hyperEdge hyper_6_to_loc_0: 6 -> loc_0
ContainerOperations.ts:366 [EXPANSION] Remote endpoint: 6, isOutgoing: false
ContainerOperations.ts:487 [EXPANSION] Removed hyperEdge hyper_6_to_loc_0
ContainerOperations.ts:375 [EXPANSION] Restoring 1 original connections
ContainerOperations.ts:663 [EXPANSION] Skipping direct edge creation for 6 -> 7 (should be restored from hidden edges)
ContainerOperations.ts:148 [EXPANSION] Completed expansion of loc_0
VisState.ts:520 [CONTAINER_STATE] ℹ️  No collapse state change for container: loc_0 (was: false, now: false)
VisState.ts:520 [CONTAINER_STATE] 🔄 Collapsing container: loc_1 (was: false, now: true)
ContainerOperations.ts:21 [DEBUG] Starting collapse for container loc_1
ContainerOperations.ts:44 [COLLAPSE] Found 2 crossing edges for container loc_1
ContainerOperations.ts:53 [COLLAPSE] Creating 2 hyperEdges for container loc_1
ContainerOperations.ts:53 [DEBUG] Creating hyperEdge: hyper_1_to_loc_1 (1 -> loc_1)
ContainerOperations.ts:53 [DEBUG] Creating hyperEdge: hyper_loc_1_to_7 (loc_1 -> 7)
ContainerOperations.ts:86 [DEBUG] About to hide 2 crossing edges
ContainerOperations.ts:86 [DEBUG] Hiding regular edge: e1
ContainerOperations.ts:86 [DEBUG] Hiding regular edge: e6
ContainerOperations.ts:99 [DEBUG] Updating existing hyperEdges with invalid endpoints due to collapse of loc_1
ContainerOperations.ts:696 [HYPEREDGE_LIFTING] Checking existing hyperEdges for invalidation due to collapse of loc_1
VisState.ts:520 [CONTAINER_STATE] 🔄 Collapsing container: loc_0 (was: false, now: true)
ContainerOperations.ts:21 [DEBUG] Starting collapse for container loc_0
ContainerOperations.ts:44 [COLLAPSE] Found 2 crossing edges for container loc_0
ContainerOperations.ts:53 [COLLAPSE] Creating 2 hyperEdges for container loc_0
ContainerOperations.ts:53 [DEBUG] Creating hyperEdge: hyper_loc_1_to_loc_0 (loc_1 -> loc_0)
ContainerOperations.ts:53 [DEBUG] Creating hyperEdge: hyper_loc_0_to_loc_1 (loc_0 -> loc_1)
ContainerOperations.ts:86 [DEBUG] About to hide 2 crossing edges
ContainerOperations.ts:86 [DEBUG] Hiding regular edge: e1
ContainerOperations.ts:86 [DEBUG] Hiding regular edge: e6
ContainerOperations.ts:99 [DEBUG] Updating existing hyperEdges with invalid endpoints due to collapse of loc_0
ContainerOperations.ts:696 [HYPEREDGE_LIFTING] Checking existing hyperEdges for invalidation due to collapse of loc_0
ContainerOperations.ts:732 [HYPEREDGE_LIFTING] Source 1 is hidden, lifting to ancestor loc_0
ContainerOperations.ts:763 [HYPEREDGE_LIFTING] HyperEdge hyper_loc_0_to_loc_1 already exists, removing duplicate hyper_1_to_loc_1
ContainerOperations.ts:775 [HYPEREDGE_LIFTING] Merged 1 aggregated edges from hyper_1_to_loc_1 into hyper_loc_0_to_loc_1
ContainerOperations.ts:742 [HYPEREDGE_LIFTING] Target 7 is hidden, lifting to ancestor loc_0
ContainerOperations.ts:763 [HYPEREDGE_LIFTING] HyperEdge hyper_loc_1_to_loc_0 already exists, removing duplicate hyper_loc_1_to_7
ContainerOperations.ts:775 [HYPEREDGE_LIFTING] Merged 1 aggregated edges from hyper_loc_1_to_7 into hyper_loc_1_to_loc_0
ContainerOperations.ts:487 [EXPANSION] Removed hyperEdge hyper_1_to_loc_1
ContainerOperations.ts:487 [EXPANSION] Removed hyperEdge hyper_loc_1_to_7
ContainerOperations.ts:110 [EXPANSION] ⭐ Starting expansion of loc_1
ContainerOperations.ts:143 [EXPANSION] ⭐ About to call cleanupHyperEdgesForExpansion for loc_1
ContainerOperations.ts:352 [EXPANSION] Restoring connections for expanded container loc_1
ContainerOperations.ts:406 [DEBUG] Finding corresponding hyperEdges for expanding container: loc_1
ContainerOperations.ts:406 [DEBUG] Checking hyperEdge: hyper_loc_1_to_loc_0 (loc_1 -> loc_0)
ContainerOperations.ts:419 [DEBUG] ✅ FOUND corresponding hyperEdge: hyper_loc_1_to_loc_0
ContainerOperations.ts:406 [DEBUG] Checking hyperEdge: hyper_loc_0_to_loc_1 (loc_0 -> loc_1)
ContainerOperations.ts:419 [DEBUG] ✅ FOUND corresponding hyperEdge: hyper_loc_0_to_loc_1
ContainerOperations.ts:419 [DEBUG] Total corresponding hyperEdges found: 2
ContainerOperations.ts:358 [EXPANSION] Found 2 corresponding hyperEdges to process
ContainerOperations.ts:362 [EXPANSION] Processing hyperEdge hyper_loc_1_to_loc_0: loc_1 -> loc_0
ContainerOperations.ts:366 [EXPANSION] Remote endpoint: loc_0, isOutgoing: true
ContainerOperations.ts:487 [EXPANSION] Removed hyperEdge hyper_loc_1_to_loc_0
ContainerOperations.ts:375 [EXPANSION] Restoring 1 original connections
ContainerOperations.ts:572 [DEBUG] createOrRestoreConnection attempting to create hyperEdge: hyper_6_to_loc_0
ContainerOperations.ts:572 [DEBUG] HyperEdge already exists: false
ContainerOperations.ts:596 [EXPANSION] Created hyperEdge hyper_6_to_loc_0 instead of restoring edge: 6 -> loc_0 (original: 6 -> loc_0)
ContainerOperations.ts:362 [EXPANSION] Processing hyperEdge hyper_loc_0_to_loc_1: loc_0 -> loc_1
ContainerOperations.ts:366 [EXPANSION] Remote endpoint: loc_0, isOutgoing: false
ContainerOperations.ts:487 [EXPANSION] Removed hyperEdge hyper_loc_0_to_loc_1
ContainerOperations.ts:375 [EXPANSION] Restoring 1 original connections
ContainerOperations.ts:572 [DEBUG] createOrRestoreConnection attempting to create hyperEdge: hyper_loc_0_to_2
ContainerOperations.ts:572 [DEBUG] HyperEdge already exists: false
ContainerOperations.ts:596 [EXPANSION] Created hyperEdge hyper_loc_0_to_2 instead of restoring edge: loc_0 -> 2 (original: loc_0 -> 2)
ContainerOperations.ts:148 [EXPANSION] Completed expansion of loc_1
VisState.ts:520 [CONTAINER_STATE] ℹ️  No collapse state change for container: loc_1 (was: false, now: false)
ContainerOperations.ts:110 [EXPANSION] ⭐ Starting expansion of loc_0
ContainerOperations.ts:143 [EXPANSION] ⭐ About to call cleanupHyperEdgesForExpansion for loc_0
ContainerOperations.ts:352 [EXPANSION] Restoring connections for expanded container loc_0
ContainerOperations.ts:406 [DEBUG] Finding corresponding hyperEdges for expanding container: loc_0
ContainerOperations.ts:406 [DEBUG] Checking hyperEdge: hyper_6_to_loc_0 (6 -> loc_0)
ContainerOperations.ts:419 [DEBUG] ✅ FOUND corresponding hyperEdge: hyper_6_to_loc_0
ContainerOperations.ts:406 [DEBUG] Checking hyperEdge: hyper_loc_0_to_2 (loc_0 -> 2)
ContainerOperations.ts:419 [DEBUG] ✅ FOUND corresponding hyperEdge: hyper_loc_0_to_2
ContainerOperations.ts:419 [DEBUG] Total corresponding hyperEdges found: 2
ContainerOperations.ts:358 [EXPANSION] Found 2 corresponding hyperEdges to process
ContainerOperations.ts:362 [EXPANSION] Processing hyperEdge hyper_6_to_loc_0: 6 -> loc_0
ContainerOperations.ts:366 [EXPANSION] Remote endpoint: 6, isOutgoing: false
ContainerOperations.ts:487 [EXPANSION] Removed hyperEdge hyper_6_to_loc_0
ContainerOperations.ts:375 [EXPANSION] Restoring 1 original connections
ContainerOperations.ts:663 [EXPANSION] Skipping direct edge creation for 6 -> 7 (should be restored from hidden edges)
ContainerOperations.ts:362 [EXPANSION] Processing hyperEdge hyper_loc_0_to_2: loc_0 -> 2
ContainerOperations.ts:366 [EXPANSION] Remote endpoint: 2, isOutgoing: true
ContainerOperations.ts:487 [EXPANSION] Removed hyperEdge hyper_loc_0_to_2
ContainerOperations.ts:375 [EXPANSION] Restoring 1 original connections
ContainerOperations.ts:663 [EXPANSION] Skipping direct edge creation for 1 -> 2 (should be restored from hidden edges)
ContainerOperations.ts:148 [EXPANSION] Completed expansion of loc_0
VisState.ts:520 [CONTAINER_STATE] ℹ️  No collapse state change for container: loc_0 (was: false, now: false)
VisState.ts:520 [CONTAINER_STATE] 🔄 Collapsing container: loc_1 (was: false, now: true)
ContainerOperations.ts:21 [DEBUG] Starting collapse for container loc_1
ContainerOperations.ts:44 [COLLAPSE] Found 2 crossing edges for container loc_1
ContainerOperations.ts:53 [COLLAPSE] Creating 2 hyperEdges for container loc_1
ContainerOperations.ts:53 [DEBUG] Creating hyperEdge: hyper_1_to_loc_1 (1 -> loc_1)
ContainerOperations.ts:53 [DEBUG] Creating hyperEdge: hyper_loc_1_to_7 (loc_1 -> 7)
ContainerOperations.ts:86 [DEBUG] About to hide 2 crossing edges
ContainerOperations.ts:86 [DEBUG] Hiding regular edge: e1
ContainerOperations.ts:86 [DEBUG] Hiding regular edge: e6
ContainerOperations.ts:99 [DEBUG] Updating existing hyperEdges with invalid endpoints due to collapse of loc_1
ContainerOperations.ts:696 [HYPEREDGE_LIFTING] Checking existing hyperEdges for invalidation due to collapse of loc_1
VisState.ts:520 [CONTAINER_STATE] 🔄 Collapsing container: loc_0 (was: false, now: true)
ContainerOperations.ts:21 [DEBUG] Starting collapse for container loc_0
ContainerOperations.ts:44 [COLLAPSE] Found 2 crossing edges for container loc_0
ContainerOperations.ts:53 [COLLAPSE] Creating 2 hyperEdges for container loc_0
ContainerOperations.ts:53 [DEBUG] Creating hyperEdge: hyper_loc_1_to_loc_0 (loc_1 -> loc_0)
ContainerOperations.ts:53 [DEBUG] Creating hyperEdge: hyper_loc_0_to_loc_1 (loc_0 -> loc_1)
ContainerOperations.ts:86 [DEBUG] About to hide 2 crossing edges
ContainerOperations.ts:86 [DEBUG] Hiding regular edge: e1
ContainerOperations.ts:86 [DEBUG] Hiding regular edge: e6
ContainerOperations.ts:99 [DEBUG] Updating existing hyperEdges with invalid endpoints due to collapse of loc_0
ContainerOperations.ts:696 [HYPEREDGE_LIFTING] Checking existing hyperEdges for invalidation due to collapse of loc_0
ContainerOperations.ts:732 [HYPEREDGE_LIFTING] Source 1 is hidden, lifting to ancestor loc_0
ContainerOperations.ts:763 [HYPEREDGE_LIFTING] HyperEdge hyper_loc_0_to_loc_1 already exists, removing duplicate hyper_1_to_loc_1
ContainerOperations.ts:775 [HYPEREDGE_LIFTING] Merged 1 aggregated edges from hyper_1_to_loc_1 into hyper_loc_0_to_loc_1
ContainerOperations.ts:742 [HYPEREDGE_LIFTING] Target 7 is hidden, lifting to ancestor loc_0
ContainerOperations.ts:763 [HYPEREDGE_LIFTING] HyperEdge hyper_loc_1_to_loc_0 already exists, removing duplicate hyper_loc_1_to_7
ContainerOperations.ts:775 [HYPEREDGE_LIFTING] Merged 1 aggregated edges from hyper_loc_1_to_7 into hyper_loc_1_to_loc_0
ContainerOperations.ts:487 [EXPANSION] Removed hyperEdge hyper_1_to_loc_1
ContainerOperations.ts:487 [EXPANSION] Removed hyperEdge hyper_loc_1_to_7
ContainerOperations.ts:110 [EXPANSION] ⭐ Starting expansion of loc_0
ContainerOperations.ts:143 [EXPANSION] ⭐ About to call cleanupHyperEdgesForExpansion for loc_0
ContainerOperations.ts:352 [EXPANSION] Restoring connections for expanded container loc_0
ContainerOperations.ts:406 [DEBUG] Finding corresponding hyperEdges for expanding container: loc_0
ContainerOperations.ts:406 [DEBUG] Checking hyperEdge: hyper_loc_1_to_loc_0 (loc_1 -> loc_0)
ContainerOperations.ts:419 [DEBUG] ✅ FOUND corresponding hyperEdge: hyper_loc_1_to_loc_0
ContainerOperations.ts:406 [DEBUG] Checking hyperEdge: hyper_loc_0_to_loc_1 (loc_0 -> loc_1)
ContainerOperations.ts:419 [DEBUG] ✅ FOUND corresponding hyperEdge: hyper_loc_0_to_loc_1
ContainerOperations.ts:419 [DEBUG] Total corresponding hyperEdges found: 2
ContainerOperations.ts:358 [EXPANSION] Found 2 corresponding hyperEdges to process
ContainerOperations.ts:362 [EXPANSION] Processing hyperEdge hyper_loc_1_to_loc_0: loc_1 -> loc_0
ContainerOperations.ts:366 [EXPANSION] Remote endpoint: loc_1, isOutgoing: false
ContainerOperations.ts:487 [EXPANSION] Removed hyperEdge hyper_loc_1_to_loc_0
ContainerOperations.ts:375 [EXPANSION] Restoring 1 original connections
ContainerOperations.ts:572 [DEBUG] createOrRestoreConnection attempting to create hyperEdge: hyper_loc_1_to_7
ContainerOperations.ts:572 [DEBUG] HyperEdge already exists: false
ContainerOperations.ts:596 [EXPANSION] Created hyperEdge hyper_loc_1_to_7 instead of restoring edge: loc_1 -> 7 (original: loc_1 -> 7)
ContainerOperations.ts:362 [EXPANSION] Processing hyperEdge hyper_loc_0_to_loc_1: loc_0 -> loc_1
ContainerOperations.ts:366 [EXPANSION] Remote endpoint: loc_1, isOutgoing: true
ContainerOperations.ts:487 [EXPANSION] Removed hyperEdge hyper_loc_0_to_loc_1
ContainerOperations.ts:375 [EXPANSION] Restoring 1 original connections
ContainerOperations.ts:572 [DEBUG] createOrRestoreConnection attempting to create hyperEdge: hyper_1_to_loc_1
ContainerOperations.ts:572 [DEBUG] HyperEdge already exists: false
ContainerOperations.ts:596 [EXPANSION] Created hyperEdge hyper_1_to_loc_1 instead of restoring edge: 1 -> loc_1 (original: 1 -> loc_1)
ContainerOperations.ts:148 [EXPANSION] Completed expansion of loc_0
VisState.ts:520 [CONTAINER_STATE] ℹ️  No collapse state change for container: loc_0 (was: false, now: false)
ContainerOperations.ts:110 [EXPANSION] ⭐ Starting expansion of loc_1
ContainerOperations.ts:143 [EXPANSION] ⭐ About to call cleanupHyperEdgesForExpansion for loc_1
ContainerOperations.ts:352 [EXPANSION] Restoring connections for expanded container loc_1
ContainerOperations.ts:406 [DEBUG] Finding corresponding hyperEdges for expanding container: loc_1
ContainerOperations.ts:406 [DEBUG] Checking hyperEdge: hyper_loc_1_to_7 (loc_1 -> 7)
ContainerOperations.ts:419 [DEBUG] ✅ FOUND corresponding hyperEdge: hyper_loc_1_to_7
ContainerOperations.ts:406 [DEBUG] Checking hyperEdge: hyper_1_to_loc_1 (1 -> loc_1)
ContainerOperations.ts:419 [DEBUG] ✅ FOUND corresponding hyperEdge: hyper_1_to_loc_1
ContainerOperations.ts:419 [DEBUG] Total corresponding hyperEdges found: 2
ContainerOperations.ts:358 [EXPANSION] Found 2 corresponding hyperEdges to process
ContainerOperations.ts:362 [EXPANSION] Processing hyperEdge hyper_loc_1_to_7: loc_1 -> 7
ContainerOperations.ts:366 [EXPANSION] Remote endpoint: 7, isOutgoing: true
ContainerOperations.ts:487 [EXPANSION] Removed hyperEdge hyper_loc_1_to_7
ContainerOperations.ts:375 [EXPANSION] Restoring 1 original connections
ContainerOperations.ts:663 [EXPANSION] Skipping direct edge creation for 6 -> 7 (should be restored from hidden edges)
ContainerOperations.ts:362 [EXPANSION] Processing hyperEdge hyper_1_to_loc_1: 1 -> loc_1
ContainerOperations.ts:366 [EXPANSION] Remote endpoint: 1, isOutgoing: false
ContainerOperations.ts:487 [EXPANSION] Removed hyperEdge hyper_1_to_loc_1
ContainerOperations.ts:375 [EXPANSION] Restoring 1 original connections
ContainerOperations.ts:663 [EXPANSION] Skipping direct edge creation for 1 -> 2 (should be restored from hidden edges)
ContainerOperations.ts:148 [EXPANSION] Completed expansion of loc_1
VisState.ts:520 [CONTAINER_STATE] ℹ️  No collapse state change for container: loc_1 (was: false, now: false)
VisState.ts:520 [CONTAINER_STATE] 🔄 Collapsing container: loc_1 (was: false, now: true)
ContainerOperations.ts:21 [DEBUG] Starting collapse for container loc_1
ContainerOperations.ts:44 [COLLAPSE] Found 2 crossing edges for container loc_1
ContainerOperations.ts:53 [COLLAPSE] Creating 2 hyperEdges for container loc_1
ContainerOperations.ts:53 [DEBUG] Creating hyperEdge: hyper_1_to_loc_1 (1 -> loc_1)
ContainerOperations.ts:53 [DEBUG] Creating hyperEdge: hyper_loc_1_to_7 (loc_1 -> 7)
ContainerOperations.ts:86 [DEBUG] About to hide 2 crossing edges
ContainerOperations.ts:86 [DEBUG] Hiding regular edge: e1
ContainerOperations.ts:86 [DEBUG] Hiding regular edge: e6
ContainerOperations.ts:99 [DEBUG] Updating existing hyperEdges with invalid endpoints due to collapse of loc_1
ContainerOperations.ts:696 [HYPEREDGE_LIFTING] Checking existing hyperEdges for invalidation due to collapse of loc_1
VisState.ts:520 [CONTAINER_STATE] 🔄 Collapsing container: loc_0 (was: false, now: true)
ContainerOperations.ts:21 [DEBUG] Starting collapse for container loc_0
ContainerOperations.ts:44 [COLLAPSE] Found 2 crossing edges for container loc_0
ContainerOperations.ts:53 [COLLAPSE] Creating 2 hyperEdges for container loc_0
ContainerOperations.ts:53 [DEBUG] Creating hyperEdge: hyper_loc_1_to_loc_0 (loc_1 -> loc_0)
ContainerOperations.ts:53 [DEBUG] Creating hyperEdge: hyper_loc_0_to_loc_1 (loc_0 -> loc_1)
ContainerOperations.ts:86 [DEBUG] About to hide 2 crossing edges
ContainerOperations.ts:86 [DEBUG] Hiding regular edge: e1
ContainerOperations.ts:86 [DEBUG] Hiding regular edge: e6
ContainerOperations.ts:99 [DEBUG] Updating existing hyperEdges with invalid endpoints due to collapse of loc_0
ContainerOperations.ts:696 [HYPEREDGE_LIFTING] Checking existing hyperEdges for invalidation due to collapse of loc_0
ContainerOperations.ts:732 [HYPEREDGE_LIFTING] Source 1 is hidden, lifting to ancestor loc_0
ContainerOperations.ts:763 [HYPEREDGE_LIFTING] HyperEdge hyper_loc_0_to_loc_1 already exists, removing duplicate hyper_1_to_loc_1
ContainerOperations.ts:775 [HYPEREDGE_LIFTING] Merged 1 aggregated edges from hyper_1_to_loc_1 into hyper_loc_0_to_loc_1
ContainerOperations.ts:742 [HYPEREDGE_LIFTING] Target 7 is hidden, lifting to ancestor loc_0
ContainerOperations.ts:763 [HYPEREDGE_LIFTING] HyperEdge hyper_loc_1_to_loc_0 already exists, removing duplicate hyper_loc_1_to_7
ContainerOperations.ts:775 [HYPEREDGE_LIFTING] Merged 1 aggregated edges from hyper_loc_1_to_7 into hyper_loc_1_to_loc_0
ContainerOperations.ts:487 [EXPANSION] Removed hyperEdge hyper_1_to_loc_1
ContainerOperations.ts:487 [EXPANSION] Removed hyperEdge hyper_loc_1_to_7
VisState.ts:520 [CONTAINER_STATE] 🔄 Collapsing container: bt_1 (was: false, now: true)
ContainerOperations.ts:21 [DEBUG] Starting collapse for container bt_1
ContainerOperations.ts:21 [DEBUG] Starting collapse for container bt_2
ContainerOperations.ts:44 [COLLAPSE] Found 2 crossing edges for container bt_2
ContainerOperations.ts:53 [COLLAPSE] Creating 2 hyperEdges for container bt_2
ContainerOperations.ts:53 [DEBUG] Creating hyperEdge: hyper_bt_2_to_6 (bt_2 -> 6)
ContainerOperations.ts:53 [DEBUG] Creating hyperEdge: hyper_7_to_bt_2 (7 -> bt_2)
ContainerOperations.ts:86 [DEBUG] About to hide 2 crossing edges
ContainerOperations.ts:86 [DEBUG] Hiding regular edge: e5
ContainerOperations.ts:86 [DEBUG] Hiding regular edge: e7
ContainerOperations.ts:99 [DEBUG] Updating existing hyperEdges with invalid endpoints due to collapse of bt_2
ContainerOperations.ts:696 [HYPEREDGE_LIFTING] Checking existing hyperEdges for invalidation due to collapse of bt_2
ContainerOperations.ts:884 [CONTAINER_OPS] HyperEdge hyper_bt_2_to_6 exists but neither endpoint is a collapsed container: source bt_2, target 6 - REMOVING
overrideMethod @ hook.js:608
validateHyperEdgeLifting @ ContainerOperations.ts:884
handleContainerCollapse @ ContainerOperations.ts:103
handleContainerCollapse @ ContainerOperations.ts:33
setContainerState @ VisState.ts:520
eval @ ValidationWrapper.ts:47
collapseContainer @ VisState.ts:576
eval @ vis.js:324
eval @ FlowGraph.tsx:231
onSelectNodeHandler @ index.js:2213
callCallback @ react-dom.development.js:4164
invokeGuardedCallbackDev @ react-dom.development.js:4213
invokeGuardedCallback @ react-dom.development.js:4277
invokeGuardedCallbackAndCatchFirstError @ react-dom.development.js:4291
executeDispatch @ react-dom.development.js:9041
processDispatchQueueItemsInOrder @ react-dom.development.js:9073
processDispatchQueue @ react-dom.development.js:9086
dispatchEventsForPlugins @ react-dom.development.js:9097
eval @ react-dom.development.js:9288
batchedUpdates$1 @ react-dom.development.js:26174
batchedUpdates @ react-dom.development.js:3991
dispatchEventForPluginEventSystem @ react-dom.development.js:9287
dispatchEventWithEnableCapturePhaseSelectiveHydrationWithoutDiscreteEventReplay @ react-dom.development.js:6465
dispatchEvent @ react-dom.development.js:6457
dispatchDiscreteEvent @ react-dom.development.js:6430
ContainerOperations.ts:884 [CONTAINER_OPS] HyperEdge hyper_7_to_bt_2 exists but neither endpoint is a collapsed container: source 7, target bt_2 - REMOVING
overrideMethod @ hook.js:608
validateHyperEdgeLifting @ ContainerOperations.ts:884
handleContainerCollapse @ ContainerOperations.ts:103
handleContainerCollapse @ ContainerOperations.ts:33
setContainerState @ VisState.ts:520
eval @ ValidationWrapper.ts:47
collapseContainer @ VisState.ts:576
eval @ vis.js:324
eval @ FlowGraph.tsx:231
onSelectNodeHandler @ index.js:2213
callCallback @ react-dom.development.js:4164
invokeGuardedCallbackDev @ react-dom.development.js:4213
invokeGuardedCallback @ react-dom.development.js:4277
invokeGuardedCallbackAndCatchFirstError @ react-dom.development.js:4291
executeDispatch @ react-dom.development.js:9041
processDispatchQueueItemsInOrder @ react-dom.development.js:9073
processDispatchQueue @ react-dom.development.js:9086
dispatchEventsForPlugins @ react-dom.development.js:9097
eval @ react-dom.development.js:9288
batchedUpdates$1 @ react-dom.development.js:26174
batchedUpdates @ react-dom.development.js:3991
dispatchEventForPluginEventSystem @ react-dom.development.js:9287
dispatchEventWithEnableCapturePhaseSelectiveHydrationWithoutDiscreteEventReplay @ react-dom.development.js:6465
dispatchEvent @ react-dom.development.js:6457
dispatchDiscreteEvent @ react-dom.development.js:6430
ContainerOperations.ts:487 [EXPANSION] Removed hyperEdge hyper_bt_2_to_6
ContainerOperations.ts:487 [EXPANSION] Removed hyperEdge hyper_7_to_bt_2
ContainerOperations.ts:900 [CONTAINER_OPS] Cleaned up 2 invalid hyperEdges
ContainerOperations.ts:44 [COLLAPSE] Found 2 crossing edges for container bt_1
ContainerOperations.ts:53 [COLLAPSE] Creating 2 hyperEdges for container bt_1
ContainerOperations.ts:53 [DEBUG] Creating hyperEdge: hyper_bt_1_to_6 (bt_1 -> 6)
ContainerOperations.ts:53 [DEBUG] Creating hyperEdge: hyper_7_to_bt_1 (7 -> bt_1)
ContainerOperations.ts:86 [DEBUG] About to hide 2 crossing edges
ContainerOperations.ts:86 [DEBUG] Hiding regular edge: e5
ContainerOperations.ts:86 [DEBUG] Hiding regular edge: e7
ContainerOperations.ts:99 [DEBUG] Updating existing hyperEdges with invalid endpoints due to collapse of bt_1
ContainerOperations.ts:696 [HYPEREDGE_LIFTING] Checking existing hyperEdges for invalidation due to collapse of bt_1
VisState.ts:520 [CONTAINER_STATE] 🔄 Collapsing container: bt_5 (was: false, now: true)
ContainerOperations.ts:21 [DEBUG] Starting collapse for container bt_5
ContainerOperations.ts:44 [COLLAPSE] Found 2 crossing edges for container bt_5
ContainerOperations.ts:53 [COLLAPSE] Creating 2 hyperEdges for container bt_5
ContainerOperations.ts:53 [DEBUG] Creating hyperEdge: hyper_bt_1_to_bt_5 (bt_1 -> bt_5)
ContainerOperations.ts:53 [DEBUG] Creating hyperEdge: hyper_bt_5_to_bt_1 (bt_5 -> bt_1)
ContainerOperations.ts:86 [DEBUG] About to hide 2 crossing edges
ContainerOperations.ts:86 [DEBUG] Hiding regular edge: e5
ContainerOperations.ts:86 [DEBUG] Hiding regular edge: e7
ContainerOperations.ts:99 [DEBUG] Updating existing hyperEdges with invalid endpoints due to collapse of bt_5
ContainerOperations.ts:696 [HYPEREDGE_LIFTING] Checking existing hyperEdges for invalidation due to collapse of bt_5
ContainerOperations.ts:742 [HYPEREDGE_LIFTING] Target 6 is hidden, lifting to ancestor bt_5
ContainerOperations.ts:763 [HYPEREDGE_LIFTING] HyperEdge hyper_bt_1_to_bt_5 already exists, removing duplicate hyper_bt_1_to_6
ContainerOperations.ts:775 [HYPEREDGE_LIFTING] Merged 1 aggregated edges from hyper_bt_1_to_6 into hyper_bt_1_to_bt_5
ContainerOperations.ts:732 [HYPEREDGE_LIFTING] Source 7 is hidden, lifting to ancestor bt_5
ContainerOperations.ts:763 [HYPEREDGE_LIFTING] HyperEdge hyper_bt_5_to_bt_1 already exists, removing duplicate hyper_7_to_bt_1
ContainerOperations.ts:775 [HYPEREDGE_LIFTING] Merged 1 aggregated edges from hyper_7_to_bt_1 into hyper_bt_5_to_bt_1
ContainerOperations.ts:487 [EXPANSION] Removed hyperEdge hyper_bt_1_to_6
ContainerOperations.ts:487 [EXPANSION] Removed hyperEdge hyper_7_to_bt_1
VisState.ts:520 [CONTAINER_STATE] 🔄 Collapsing container: bt_6 (was: false, now: true)
ContainerOperations.ts:21 [DEBUG] Starting collapse for container bt_6
ContainerOperations.ts:21 [DEBUG] Starting collapse for container bt_5
ContainerOperations.ts:1018 [VALIDATION] ❌ EXPANSION CLEANUP FAILURE for bt_5:
ContainerOperations.ts:1018 [VALIDATION] Found 2 existing hyperEdges: hyper_bt_1_to_bt_5, hyper_bt_5_to_bt_1
ContainerOperations.ts:1018 [VALIDATION] Total hyperEdges in system: 2
ContainerOperations.ts:1029 [VALIDATION] HyperEdge hyper_bt_1_to_bt_5: bt_1 -> bt_5, hidden: false
ContainerOperations.ts:1029 [VALIDATION] HyperEdge hyper_bt_5_to_bt_1: bt_5 -> bt_1, hidden: false
ValidationWrapper.ts:47 [ValidationWrapper] Method setContainerState failed: Error: EXPANSION CLEANUP FAILURE: Container bt_5 is being collapsed but 2 hyperEdges still exist: hyper_bt_1_to_bt_5, hyper_bt_5_to_bt_1. This indicates incomplete cleanup during previous expansion.
    at ContainerOperations.validateNoExistingHyperEdges (ContainerOperations.ts:1029:1)
    at ContainerOperations.handleContainerCollapse (ContainerOperations.ts:27:1)
    at ContainerOperations.handleContainerCollapse (ContainerOperations.ts:33:1)
    at VisualizationState.setContainerState (VisState.ts:520:1)
    at VisualizationState.eval [as setContainerState] (ValidationWrapper.ts:47:1)
    at VisualizationState.collapseContainer (VisState.ts:576:1)
    at Object.eval [as onNodeClick] (vis.js:324:1)
    at eval (FlowGraph.tsx:231:1)
    at onSelectNodeHandler (index.js:2213:13)
    at HTMLUnknownElement.callCallback (react-dom.development.js:4164:14)
    at Object.invokeGuardedCallbackDev (react-dom.development.js:4213:16)
    at invokeGuardedCallback (react-dom.development.js:4277:31)
    at invokeGuardedCallbackAndCatchFirstError (react-dom.development.js:4291:25)
    at executeDispatch (react-dom.development.js:9041:3)
    at processDispatchQueueItemsInOrder (react-dom.development.js:9073:7)
    at processDispatchQueue (react-dom.development.js:9086:5)
    at dispatchEventsForPlugins (react-dom.development.js:9097:3)
    at eval (react-dom.development.js:9288:12)
    at batchedUpdates$1 (react-dom.development.js:26174:12)
    at batchedUpdates (react-dom.development.js:3991:12)
    at dispatchEventForPluginEventSystem (react-dom.development.js:9287:3)
    at dispatchEventWithEnableCapturePhaseSelectiveHydrationWithoutDiscreteEventReplay (react-dom.development.js:6465:5)
    at dispatchEvent (react-dom.development.js:6457:5)
    at dispatchDiscreteEvent (react-dom.development.js:6430:5)
overrideMethod @ hook.js:608
eval @ ValidationWrapper.ts:47
collapseContainer @ VisState.ts:576
eval @ vis.js:324
eval @ FlowGraph.tsx:231
onSelectNodeHandler @ index.js:2213
callCallback @ react-dom.development.js:4164
invokeGuardedCallbackDev @ react-dom.development.js:4213
invokeGuardedCallback @ react-dom.development.js:4277
invokeGuardedCallbackAndCatchFirstError @ react-dom.development.js:4291
executeDispatch @ react-dom.development.js:9041
processDispatchQueueItemsInOrder @ react-dom.development.js:9073
processDispatchQueue @ react-dom.development.js:9086
dispatchEventsForPlugins @ react-dom.development.js:9097
eval @ react-dom.development.js:9288
batchedUpdates$1 @ react-dom.development.js:26174
batchedUpdates @ react-dom.development.js:3991
dispatchEventForPluginEventSystem @ react-dom.development.js:9287
dispatchEventWithEnableCapturePhaseSelectiveHydrationWithoutDiscreteEventReplay @ react-dom.development.js:6465
dispatchEvent @ react-dom.development.js:6457
dispatchDiscreteEvent @ react-dom.development.js:6430
vis.js:337 ❌ Error toggling container: Error: EXPANSION CLEANUP FAILURE: Container bt_5 is being collapsed but 2 hyperEdges still exist: hyper_bt_1_to_bt_5, hyper_bt_5_to_bt_1. This indicates incomplete cleanup during previous expansion.
    at ContainerOperations.validateNoExistingHyperEdges (ContainerOperations.ts:1029:1)
    at ContainerOperations.handleContainerCollapse (ContainerOperations.ts:27:1)
    at ContainerOperations.handleContainerCollapse (ContainerOperations.ts:33:1)
    at VisualizationState.setContainerState (VisState.ts:520:1)
    at VisualizationState.eval [as setContainerState] (ValidationWrapper.ts:47:1)
    at VisualizationState.collapseContainer (VisState.ts:576:1)
    at Object.eval [as onNodeClick] (vis.js:324:1)
    at eval (FlowGraph.tsx:231:1)
    at onSelectNodeHandler (index.js:2213:13)
    at HTMLUnknownElement.callCallback (react-dom.development.js:4164:14)
    at Object.invokeGuardedCallbackDev (react-dom.development.js:4213:16)
    at invokeGuardedCallback (react-dom.development.js:4277:31)
    at invokeGuardedCallbackAndCatchFirstError (react-dom.development.js:4291:25)
    at executeDispatch (react-dom.development.js:9041:3)
    at processDispatchQueueItemsInOrder (react-dom.development.js:9073:7)
    at processDispatchQueue (react-dom.development.js:9086:5)
    at dispatchEventsForPlugins (react-dom.development.js:9097:3)
    at eval (react-dom.development.js:9288:12)
    at batchedUpdates$1 (react-dom.development.js:26174:12)
    at batchedUpdates (react-dom.development.js:3991:12)
    at dispatchEventForPluginEventSystem (react-dom.development.js:9287:3)
    at dispatchEventWithEnableCapturePhaseSelectiveHydrationWithoutDiscreteEventReplay (react-dom.development.js:6465:5)
    at dispatchEvent (react-dom.development.js:6457:5)
    at dispatchDiscreteEvent (react-dom.development.js:6430:5)
overrideMethod @ hook.js:608
eval @ vis.js:337
eval @ FlowGraph.tsx:231
onSelectNodeHandler @ index.js:2213
callCallback @ react-dom.development.js:4164
invokeGuardedCallbackDev @ react-dom.development.js:4213
invokeGuardedCallback @ react-dom.development.js:4277
invokeGuardedCallbackAndCatchFirstError @ react-dom.development.js:4291
executeDispatch @ react-dom.development.js:9041
processDispatchQueueItemsInOrder @ react-dom.development.js:9073
processDispatchQueue @ react-dom.development.js:9086
dispatchEventsForPlugins @ react-dom.development.js:9097
eval @ react-dom.development.js:9288
batchedUpdates$1 @ react-dom.development.js:26174
batchedUpdates @ react-dom.development.js:3991
dispatchEventForPluginEventSystem @ react-dom.development.js:9287
dispatchEventWithEnableCapturePhaseSelectiveHydrationWithoutDiscreteEventReplay @ react-dom.development.js:6465
dispatchEvent @ react-dom.development.js:6457
dispatchDiscreteEvent @ react-dom.development.js:6430
