main.js:1550 Download the React DevTools for a better development experience: https://reactjs.org/link/react-devtools
vis.js:121 [HomePage] 🔄 Starting complete reset with groupingId: null
JSONParser.ts:451 Failed to parse edge 'e0': TypeError: this._addEdgeToNodeMapping is not a function
    at VisualizationState._addEdgeToAllStructures (VisState.ts:1212:1)
    at VisualizationState.setGraphEdge (VisState.ts:325:1)
    at parseEdges (JSONParser.ts:451:1)
    at parseGraphJSON (JSONParser.ts:143:1)
    at eval (vis.js:126:1)
    at eval (vis.js:153:1)
    at reader.onload (FileDropZone.tsx:6:1)
parseEdges @ JSONParser.ts:451
parseGraphJSON @ JSONParser.ts:143
eval @ vis.js:126
eval @ vis.js:153
reader.onload @ FileDropZone.tsx:6
FileReader
eval @ FileDropZone.tsx:6
eval @ FileDropZone.tsx:6
callCallback @ react-dom.development.js:4164
invokeGuardedCallbackDev @ react-dom.development.js:4213
invokeGuardedCallback @ react-dom.development.js:4277
invokeGuardedCallbackAndCatchFirstError @ react-dom.development.js:4291
executeDispatch @ react-dom.development.js:9041
processDispatchQueueItemsInOrder @ react-dom.development.js:9073
processDispatchQueue @ react-dom.development.js:9086
dispatchEventsForPlugins @ react-dom.development.js:9097
eval @ react-dom.development.js:9288
batchedUpdates$1 @ react-dom.development.js:26174
batchedUpdates @ react-dom.development.js:3991
dispatchEventForPluginEventSystem @ react-dom.development.js:9287
dispatchEventWithEnableCapturePhaseSelectiveHydrationWithoutDiscreteEventReplay @ react-dom.development.js:6465
dispatchEvent @ react-dom.development.js:6457
dispatchDiscreteEvent @ react-dom.development.js:6430
JSONParser.ts:451 Failed to parse edge 'e1': TypeError: this._addEdgeToNodeMapping is not a function
    at VisualizationState._addEdgeToAllStructures (VisState.ts:1212:1)
    at VisualizationState.setGraphEdge (VisState.ts:325:1)
    at parseEdges (JSONParser.ts:451:1)
    at parseGraphJSON (JSONParser.ts:143:1)
    at eval (vis.js:126:1)
    at eval (vis.js:153:1)
    at reader.onload (FileDropZone.tsx:6:1)
parseEdges @ JSONParser.ts:451
parseGraphJSON @ JSONParser.ts:143
eval @ vis.js:126
eval @ vis.js:153
reader.onload @ FileDropZone.tsx:6
FileReader
eval @ FileDropZone.tsx:6
eval @ FileDropZone.tsx:6
callCallback @ react-dom.development.js:4164
invokeGuardedCallbackDev @ react-dom.development.js:4213
invokeGuardedCallback @ react-dom.development.js:4277
invokeGuardedCallbackAndCatchFirstError @ react-dom.development.js:4291
executeDispatch @ react-dom.development.js:9041
processDispatchQueueItemsInOrder @ react-dom.development.js:9073
processDispatchQueue @ react-dom.development.js:9086
dispatchEventsForPlugins @ react-dom.development.js:9097
eval @ react-dom.development.js:9288
batchedUpdates$1 @ react-dom.development.js:26174
batchedUpdates @ react-dom.development.js:3991
dispatchEventForPluginEventSystem @ react-dom.development.js:9287
dispatchEventWithEnableCapturePhaseSelectiveHydrationWithoutDiscreteEventReplay @ react-dom.development.js:6465
dispatchEvent @ react-dom.development.js:6457
dispatchDiscreteEvent @ react-dom.development.js:6430
JSONParser.ts:451 Failed to parse edge 'e2': TypeError: this._addEdgeToNodeMapping is not a function
    at VisualizationState._addEdgeToAllStructures (VisState.ts:1212:1)
    at VisualizationState.setGraphEdge (VisState.ts:325:1)
    at parseEdges (JSONParser.ts:451:1)
    at parseGraphJSON (JSONParser.ts:143:1)
    at eval (vis.js:126:1)
    at eval (vis.js:153:1)
    at reader.onload (FileDropZone.tsx:6:1)
parseEdges @ JSONParser.ts:451
parseGraphJSON @ JSONParser.ts:143
eval @ vis.js:126
eval @ vis.js:153
reader.onload @ FileDropZone.tsx:6
FileReader
eval @ FileDropZone.tsx:6
eval @ FileDropZone.tsx:6
callCallback @ react-dom.development.js:4164
invokeGuardedCallbackDev @ react-dom.development.js:4213
invokeGuardedCallback @ react-dom.development.js:4277
invokeGuardedCallbackAndCatchFirstError @ react-dom.development.js:4291
executeDispatch @ react-dom.development.js:9041
processDispatchQueueItemsInOrder @ react-dom.development.js:9073
processDispatchQueue @ react-dom.development.js:9086
dispatchEventsForPlugins @ react-dom.development.js:9097
eval @ react-dom.development.js:9288
batchedUpdates$1 @ react-dom.development.js:26174
batchedUpdates @ react-dom.development.js:3991
dispatchEventForPluginEventSystem @ react-dom.development.js:9287
dispatchEventWithEnableCapturePhaseSelectiveHydrationWithoutDiscreteEventReplay @ react-dom.development.js:6465
dispatchEvent @ react-dom.development.js:6457
dispatchDiscreteEvent @ react-dom.development.js:6430
JSONParser.ts:451 Failed to parse edge 'e3': TypeError: this._addEdgeToNodeMapping is not a function
    at VisualizationState._addEdgeToAllStructures (VisState.ts:1212:1)
    at VisualizationState.setGraphEdge (VisState.ts:325:1)
    at parseEdges (JSONParser.ts:451:1)
    at parseGraphJSON (JSONParser.ts:143:1)
    at eval (vis.js:126:1)
    at eval (vis.js:153:1)
    at reader.onload (FileDropZone.tsx:6:1)
parseEdges @ JSONParser.ts:451
parseGraphJSON @ JSONParser.ts:143
eval @ vis.js:126
eval @ vis.js:153
reader.onload @ FileDropZone.tsx:6
FileReader
eval @ FileDropZone.tsx:6
eval @ FileDropZone.tsx:6
callCallback @ react-dom.development.js:4164
invokeGuardedCallbackDev @ react-dom.development.js:4213
invokeGuardedCallback @ react-dom.development.js:4277
invokeGuardedCallbackAndCatchFirstError @ react-dom.development.js:4291
executeDispatch @ react-dom.development.js:9041
processDispatchQueueItemsInOrder @ react-dom.development.js:9073
processDispatchQueue @ react-dom.development.js:9086
dispatchEventsForPlugins @ react-dom.development.js:9097
eval @ react-dom.development.js:9288
batchedUpdates$1 @ react-dom.development.js:26174
batchedUpdates @ react-dom.development.js:3991
dispatchEventForPluginEventSystem @ react-dom.development.js:9287
dispatchEventWithEnableCapturePhaseSelectiveHydrationWithoutDiscreteEventReplay @ react-dom.development.js:6465
dispatchEvent @ react-dom.development.js:6457
dispatchDiscreteEvent @ react-dom.development.js:6430
JSONParser.ts:451 Failed to parse edge 'e4': TypeError: this._addEdgeToNodeMapping is not a function
    at VisualizationState._addEdgeToAllStructures (VisState.ts:1212:1)
    at VisualizationState.setGraphEdge (VisState.ts:325:1)
    at parseEdges (JSONParser.ts:451:1)
    at parseGraphJSON (JSONParser.ts:143:1)
    at eval (vis.js:126:1)
    at eval (vis.js:153:1)
    at reader.onload (FileDropZone.tsx:6:1)
parseEdges @ JSONParser.ts:451
parseGraphJSON @ JSONParser.ts:143
eval @ vis.js:126
eval @ vis.js:153
reader.onload @ FileDropZone.tsx:6
FileReader
eval @ FileDropZone.tsx:6
eval @ FileDropZone.tsx:6
callCallback @ react-dom.development.js:4164
invokeGuardedCallbackDev @ react-dom.development.js:4213
invokeGuardedCallback @ react-dom.development.js:4277
invokeGuardedCallbackAndCatchFirstError @ react-dom.development.js:4291
executeDispatch @ react-dom.development.js:9041
processDispatchQueueItemsInOrder @ react-dom.development.js:9073
processDispatchQueue @ react-dom.development.js:9086
dispatchEventsForPlugins @ react-dom.development.js:9097
eval @ react-dom.development.js:9288
batchedUpdates$1 @ react-dom.development.js:26174
batchedUpdates @ react-dom.development.js:3991
dispatchEventForPluginEventSystem @ react-dom.development.js:9287
dispatchEventWithEnableCapturePhaseSelectiveHydrationWithoutDiscreteEventReplay @ react-dom.development.js:6465
dispatchEvent @ react-dom.development.js:6457
dispatchDiscreteEvent @ react-dom.development.js:6430
JSONParser.ts:451 Failed to parse edge 'e5': TypeError: this._addEdgeToNodeMapping is not a function
    at VisualizationState._addEdgeToAllStructures (VisState.ts:1212:1)
    at VisualizationState.setGraphEdge (VisState.ts:325:1)
    at parseEdges (JSONParser.ts:451:1)
    at parseGraphJSON (JSONParser.ts:143:1)
    at eval (vis.js:126:1)
    at eval (vis.js:153:1)
    at reader.onload (FileDropZone.tsx:6:1)
parseEdges @ JSONParser.ts:451
parseGraphJSON @ JSONParser.ts:143
eval @ vis.js:126
eval @ vis.js:153
reader.onload @ FileDropZone.tsx:6
FileReader
eval @ FileDropZone.tsx:6
eval @ FileDropZone.tsx:6
callCallback @ react-dom.development.js:4164
invokeGuardedCallbackDev @ react-dom.development.js:4213
invokeGuardedCallback @ react-dom.development.js:4277
invokeGuardedCallbackAndCatchFirstError @ react-dom.development.js:4291
executeDispatch @ react-dom.development.js:9041
processDispatchQueueItemsInOrder @ react-dom.development.js:9073
processDispatchQueue @ react-dom.development.js:9086
dispatchEventsForPlugins @ react-dom.development.js:9097
eval @ react-dom.development.js:9288
batchedUpdates$1 @ react-dom.development.js:26174
batchedUpdates @ react-dom.development.js:3991
dispatchEventForPluginEventSystem @ react-dom.development.js:9287
dispatchEventWithEnableCapturePhaseSelectiveHydrationWithoutDiscreteEventReplay @ react-dom.development.js:6465
dispatchEvent @ react-dom.development.js:6457
dispatchDiscreteEvent @ react-dom.development.js:6430
JSONParser.ts:451 Failed to parse edge 'e6': TypeError: this._addEdgeToNodeMapping is not a function
    at VisualizationState._addEdgeToAllStructures (VisState.ts:1212:1)
    at VisualizationState.setGraphEdge (VisState.ts:325:1)
    at parseEdges (JSONParser.ts:451:1)
    at parseGraphJSON (JSONParser.ts:143:1)
    at eval (vis.js:126:1)
    at eval (vis.js:153:1)
    at reader.onload (FileDropZone.tsx:6:1)
parseEdges @ JSONParser.ts:451
parseGraphJSON @ JSONParser.ts:143
eval @ vis.js:126
eval @ vis.js:153
reader.onload @ FileDropZone.tsx:6
FileReader
eval @ FileDropZone.tsx:6
eval @ FileDropZone.tsx:6
callCallback @ react-dom.development.js:4164
invokeGuardedCallbackDev @ react-dom.development.js:4213
invokeGuardedCallback @ react-dom.development.js:4277
invokeGuardedCallbackAndCatchFirstError @ react-dom.development.js:4291
executeDispatch @ react-dom.development.js:9041
processDispatchQueueItemsInOrder @ react-dom.development.js:9073
processDispatchQueue @ react-dom.development.js:9086
dispatchEventsForPlugins @ react-dom.development.js:9097
eval @ react-dom.development.js:9288
batchedUpdates$1 @ react-dom.development.js:26174
batchedUpdates @ react-dom.development.js:3991
dispatchEventForPluginEventSystem @ react-dom.development.js:9287
dispatchEventWithEnableCapturePhaseSelectiveHydrationWithoutDiscreteEventReplay @ react-dom.development.js:6465
dispatchEvent @ react-dom.development.js:6457
dispatchDiscreteEvent @ react-dom.development.js:6430
JSONParser.ts:451 Failed to parse edge 'e7': TypeError: this._addEdgeToNodeMapping is not a function
    at VisualizationState._addEdgeToAllStructures (VisState.ts:1212:1)
    at VisualizationState.setGraphEdge (VisState.ts:325:1)
    at parseEdges (JSONParser.ts:451:1)
    at parseGraphJSON (JSONParser.ts:143:1)
    at eval (vis.js:126:1)
    at eval (vis.js:153:1)
    at reader.onload (FileDropZone.tsx:6:1)
parseEdges @ JSONParser.ts:451
parseGraphJSON @ JSONParser.ts:143
eval @ vis.js:126
eval @ vis.js:153
reader.onload @ FileDropZone.tsx:6
FileReader
eval @ FileDropZone.tsx:6
eval @ FileDropZone.tsx:6
callCallback @ react-dom.development.js:4164
invokeGuardedCallbackDev @ react-dom.development.js:4213
invokeGuardedCallback @ react-dom.development.js:4277
invokeGuardedCallbackAndCatchFirstError @ react-dom.development.js:4291
executeDispatch @ react-dom.development.js:9041
processDispatchQueueItemsInOrder @ react-dom.development.js:9073
processDispatchQueue @ react-dom.development.js:9086
dispatchEventsForPlugins @ react-dom.development.js:9097
eval @ react-dom.development.js:9288
batchedUpdates$1 @ react-dom.development.js:26174
batchedUpdates @ react-dom.development.js:3991
dispatchEventForPluginEventSystem @ react-dom.development.js:9287
dispatchEventWithEnableCapturePhaseSelectiveHydrationWithoutDiscreteEventReplay @ react-dom.development.js:6465
dispatchEvent @ react-dom.development.js:6457
dispatchDiscreteEvent @ react-dom.development.js:6430
JSONParser.ts:451 Failed to parse edge 'e8': TypeError: this._addEdgeToNodeMapping is not a function
    at VisualizationState._addEdgeToAllStructures (VisState.ts:1212:1)
    at VisualizationState.setGraphEdge (VisState.ts:325:1)
    at parseEdges (JSONParser.ts:451:1)
    at parseGraphJSON (JSONParser.ts:143:1)
    at eval (vis.js:126:1)
    at eval (vis.js:153:1)
    at reader.onload (FileDropZone.tsx:6:1)
parseEdges @ JSONParser.ts:451
parseGraphJSON @ JSONParser.ts:143
eval @ vis.js:126
eval @ vis.js:153
reader.onload @ FileDropZone.tsx:6
FileReader
eval @ FileDropZone.tsx:6
eval @ FileDropZone.tsx:6
callCallback @ react-dom.development.js:4164
invokeGuardedCallbackDev @ react-dom.development.js:4213
invokeGuardedCallback @ react-dom.development.js:4277
invokeGuardedCallbackAndCatchFirstError @ react-dom.development.js:4291
executeDispatch @ react-dom.development.js:9041
processDispatchQueueItemsInOrder @ react-dom.development.js:9073
processDispatchQueue @ react-dom.development.js:9086
dispatchEventsForPlugins @ react-dom.development.js:9097
eval @ react-dom.development.js:9288
batchedUpdates$1 @ react-dom.development.js:26174
batchedUpdates @ react-dom.development.js:3991
dispatchEventForPluginEventSystem @ react-dom.development.js:9287
dispatchEventWithEnableCapturePhaseSelectiveHydrationWithoutDiscreteEventReplay @ react-dom.development.js:6465
dispatchEvent @ react-dom.development.js:6457
dispatchDiscreteEvent @ react-dom.development.js:6430
vis.js:134 [HomePage] ❌ Error during complete reset: TypeError: this._updateExpandedContainers is not a function
    at VisualizationState._addContainerToAllStructures (VisState.ts:1229:1)
    at VisualizationState.setContainer (VisState.ts:418:1)
    at createContainersFromHierarchy (JSONParser.ts:510:1)
    at parseHierarchy (JSONParser.ts:545:1)
    at parseGraphJSON (JSONParser.ts:146:1)
    at eval (vis.js:126:1)
    at eval (vis.js:153:1)
    at reader.onload (FileDropZone.tsx:6:1)
eval @ vis.js:134
eval @ vis.js:153
reader.onload @ FileDropZone.tsx:6
FileReader
eval @ FileDropZone.tsx:6
eval @ FileDropZone.tsx:6
callCallback @ react-dom.development.js:4164
invokeGuardedCallbackDev @ react-dom.development.js:4213
invokeGuardedCallback @ react-dom.development.js:4277
invokeGuardedCallbackAndCatchFirstError @ react-dom.development.js:4291
executeDispatch @ react-dom.development.js:9041
processDispatchQueueItemsInOrder @ react-dom.development.js:9073
processDispatchQueue @ react-dom.development.js:9086
dispatchEventsForPlugins @ react-dom.development.js:9097
eval @ react-dom.development.js:9288
batchedUpdates$1 @ react-dom.development.js:26174
batchedUpdates @ react-dom.development.js:3991
dispatchEventForPluginEventSystem @ react-dom.development.js:9287
dispatchEventWithEnableCapturePhaseSelectiveHydrationWithoutDiscreteEventReplay @ react-dom.development.js:6465
dispatchEvent @ react-dom.development.js:6457
dispatchDiscreteEvent @ react-dom.development.js:6430
vis.js:153 Error parsing JSON: TypeError: this._updateExpandedContainers is not a function
    at VisualizationState._addContainerToAllStructures (VisState.ts:1229:1)
    at VisualizationState.setContainer (VisState.ts:418:1)
    at createContainersFromHierarchy (JSONParser.ts:510:1)
    at parseHierarchy (JSONParser.ts:545:1)
    at parseGraphJSON (JSONParser.ts:146:1)
    at eval (vis.js:126:1)
    at eval (vis.js:153:1)
    at reader.onload (FileDropZone.tsx:6:1)
eval @ vis.js:153
reader.onload @ FileDropZone.tsx:6
FileReader
eval @ FileDropZone.tsx:6
eval @ FileDropZone.tsx:6
callCallback @ react-dom.development.js:4164
invokeGuardedCallbackDev @ react-dom.development.js:4213
invokeGuardedCallback @ react-dom.development.js:4277
invokeGuardedCallbackAndCatchFirstError @ react-dom.development.js:4291
executeDispatch @ react-dom.development.js:9041
processDispatchQueueItemsInOrder @ react-dom.development.js:9073
processDispatchQueue @ react-dom.development.js:9086
dispatchEventsForPlugins @ react-dom.development.js:9097
eval @ react-dom.development.js:9288
batchedUpdates$1 @ react-dom.development.js:26174
batchedUpdates @ react-dom.development.js:3991
dispatchEventForPluginEventSystem @ react-dom.development.js:9287
dispatchEventWithEnableCapturePhaseSelectiveHydrationWithoutDiscreteEventReplay @ react-dom.development.js:6465
dispatchEvent @ react-dom.development.js:6457
dispatchDiscreteEvent @ react-dom.development.js:6430
